c:\study\c++\english\english\x64\debug\vc143.pdb
c:\study\c++\english\english\x64\debug\vc143.idb
c:\study\c++\english\english\x64\debug\wordpadmanager.obj
c:\study\c++\english\english\x64\debug\wordpad.obj
c:\study\c++\english\english\x64\debug\word.obj
c:\study\c++\english\english\x64\debug\print.obj
c:\study\c++\english\english\x64\debug\main.obj
c:\study\c++\english\english\x64\debug\myinput.obj
c:\study\c++\english\english\x64\debug\controll.obj
c:\study\c++\english\english\x64\debug\file.obj
c:\study\c++\english\x64\debug\english.exe
c:\study\c++\english\x64\debug\english.pdb
c:\study\c++\english\english\x64\debug\english.ilk
c:\study\c++\english\english\x64\debug\english.tlog\cl.command.1.tlog
c:\study\c++\english\english\x64\debug\english.tlog\cl.items.tlog
c:\study\c++\english\english\x64\debug\english.tlog\cl.read.1.tlog
c:\study\c++\english\english\x64\debug\english.tlog\cl.write.1.tlog
c:\study\c++\english\english\x64\debug\english.tlog\link.command.1.tlog
c:\study\c++\english\english\x64\debug\english.tlog\link.read.1.tlog
c:\study\c++\english\english\x64\debug\english.tlog\link.secondary.1.tlog
c:\study\c++\english\english\x64\debug\english.tlog\link.write.1.tlog
