  Controll.cpp
C:\Study\C++\English\English\Print.h(3,14): warning C4091: 'static ': 변수를 선언하지 않으면 'Print' 왼쪽은 무시됩니다.
  (소스 파일 'Controll.cpp'을(를) 컴파일하는 중)
  
  File.cpp
C:\Study\C++\English\English\Print.h(3,14): warning C4091: 'static ': 변수를 선언하지 않으면 'Print' 왼쪽은 무시됩니다.
  (소스 파일 'File.cpp'을(를) 컴파일하는 중)
  
C:\Study\C++\English\English\File.cpp(24,37): warning C4101: 'e' :참조되지 않은 지역 변수입니다.
  Main.cpp
C:\Study\C++\English\English\Print.h(3,14): warning C4091: 'static ': 변수를 선언하지 않으면 'Print' 왼쪽은 무시됩니다.
  (소스 파일 'Main.cpp'을(를) 컴파일하는 중)
  
  MyInput.cpp
C:\Study\C++\English\English\Print.h(3,14): warning C4091: 'static ': 변수를 선언하지 않으면 'Print' 왼쪽은 무시됩니다.
  (소스 파일 'MyInput.cpp'을(를) 컴파일하는 중)
  
  Print.cpp
C:\Study\C++\English\English\Print.h(3,14): warning C4091: 'static ': 변수를 선언하지 않으면 'Print' 왼쪽은 무시됩니다.
  (소스 파일 'Print.cpp'을(를) 컴파일하는 중)
  
  Quiz.cpp
C:\Study\C++\English\English\Print.h(3,14): warning C4091: 'static ': 변수를 선언하지 않으면 'Print' 왼쪽은 무시됩니다.
  (소스 파일 'Quiz.cpp'을(를) 컴파일하는 중)
  
  Review.cpp
C:\Study\C++\English\English\Print.h(3,14): warning C4091: 'static ': 변수를 선언하지 않으면 'Print' 왼쪽은 무시됩니다.
  (소스 파일 'Review.cpp'을(를) 컴파일하는 중)
  
  WordPad.cpp
C:\Study\C++\English\English\Print.h(3,14): warning C4091: 'static ': 변수를 선언하지 않으면 'Print' 왼쪽은 무시됩니다.
  (소스 파일 'WordPad.cpp'을(를) 컴파일하는 중)
  
C:\Study\C++\English\English\WordPad.cpp(10,56): warning C4267: 'return': 'size_t'에서 'int'(으)로 변환하면서 데이터가 손실될 수 있습니다.
C:\Study\C++\English\English\WordPad.cpp(11,61): warning C4267: 'return': 'size_t'에서 'int'(으)로 변환하면서 데이터가 손실될 수 있습니다.
  WordPadManager.cpp
C:\Study\C++\English\English\Print.h(3,14): warning C4091: 'static ': 변수를 선언하지 않으면 'Print' 왼쪽은 무시됩니다.
  (소스 파일 'WordPadManager.cpp'을(를) 컴파일하는 중)
  
  word.cpp
C:\Study\C++\English\English\Print.h(3,14): warning C4091: 'static ': 변수를 선언하지 않으면 'Print' 왼쪽은 무시됩니다.
  (소스 파일 'word.cpp'을(를) 컴파일하는 중)
  
  코드를 생성하고 있습니다...
  English.vcxproj -> C:\Study\C++\English\x64\Debug\English.exe
